
Copiando en vie 08 mar 2024 15:22:03 CET
'/home/angelgg94/LottyShop/copyToApache.sh' -> '/var/www/html/copyToApache.sh'
'/home/angelgg94/LottyShop/font-icons/index.html' -> '/var/www/html/font-icons/index.html'
'/home/angelgg94/LottyShop/font-icons/remixicon.css' -> '/var/www/html/font-icons/remixicon.css'
'/home/angelgg94/LottyShop/font-icons/remixicon.eot' -> '/var/www/html/font-icons/remixicon.eot'
'/home/angelgg94/LottyShop/font-icons/remixicon.glyph.json' -> '/var/www/html/font-icons/remixicon.glyph.json'
'/home/angelgg94/LottyShop/font-icons/remixicon.less' -> '/var/www/html/font-icons/remixicon.less'
'/home/angelgg94/LottyShop/font-icons/remixicon.module.less' -> '/var/www/html/font-icons/remixicon.module.less'
'/home/angelgg94/LottyShop/font-icons/remixicon.scss' -> '/var/www/html/font-icons/remixicon.scss'
'/home/angelgg94/LottyShop/font-icons/remixicon.styl' -> '/var/www/html/font-icons/remixicon.styl'
'/home/angelgg94/LottyShop/font-icons/remixicon.svg' -> '/var/www/html/font-icons/remixicon.svg'
'/home/angelgg94/LottyShop/font-icons/remixicon.symbol.svg' -> '/var/www/html/font-icons/remixicon.symbol.svg'
'/home/angelgg94/LottyShop/font-icons/remixicon.ttf' -> '/var/www/html/font-icons/remixicon.ttf'
'/home/angelgg94/LottyShop/font-icons/remixicon.woff' -> '/var/www/html/font-icons/remixicon.woff'
'/home/angelgg94/LottyShop/font-icons/remixicon.woff2' -> '/var/www/html/font-icons/remixicon.woff2'
'/home/angelgg94/LottyShop/font-icons/symbol.html' -> '/var/www/html/font-icons/symbol.html'
'/home/angelgg94/LottyShop/font-icons/unicode.html' -> '/var/www/html/font-icons/unicode.html'
'/home/angelgg94/LottyShop/index.php' -> '/var/www/html/index.php'
'/home/angelgg94/LottyShop/log/copyToApache.log' -> '/var/www/html/log/copyToApache.log'
'/home/angelgg94/LottyShop/main.js' -> '/var/www/html/main.js'
'/home/angelgg94/LottyShop/style.css' -> '/var/www/html/style.css'
